<?xml version="1.0" encoding="UTF-8"?>
<!-- Generated by org.testng.reporters.JUnitReportReporter -->
<testsuite ignored="0" hostname="Runiyo" failures="0" tests="1" name="ATS_Sign1.ATS1.users" time="0.000" errors="0" timestamp="28 Jan 2020 09:44:40 GMT" skipped="1">
  <testcase classname="ATS_Sign1.ATS1.users" name="sign_up123" time="0.000">
    <skipped/>
  </testcase> <!-- sign_up123 -->
</testsuite> <!-- ATS_Sign1.ATS1.users -->
