<?xml version="1.0" encoding="UTF-8"?>
<!-- Generated by org.testng.reporters.JUnitReportReporter -->
<testsuite ignored="0" hostname="Runiyo" failures="0" tests="1" name="ATS_Sign1.ATS1.TestNG1" time="0.028" errors="0" timestamp="24 Jan 2020 07:18:28 GMT" skipped="0">
  <testcase classname="ATS_Sign1.ATS1.TestNG1" name="f" time="0.028"/>
</testsuite> <!-- ATS_Sign1.ATS1.TestNG1 -->
